0 info it worked if it ends with ok
1 verbose cli [ '/usr/bin/node', '/usr/bin/npm', 'install' ]
2 info using npm@1.4.28
3 info using node@v0.10.37
4 verbose node symlink /usr/bin/node
5 verbose readDependencies using package.json deps
6 verbose install where, deps [ '/home/math/Documents/first-app-angular',
6 verbose install   [ 'bower',
6 verbose install     'grunt',
6 verbose install     'grunt-autoprefixer',
6 verbose install     'grunt-concurrent',
6 verbose install     'grunt-contrib-clean',
6 verbose install     'grunt-contrib-concat',
6 verbose install     'grunt-contrib-connect',
6 verbose install     'grunt-contrib-copy',
6 verbose install     'grunt-contrib-cssmin',
6 verbose install     'grunt-contrib-htmlmin',
6 verbose install     'grunt-contrib-imagemin',
6 verbose install     'grunt-contrib-jshint',
6 verbose install     'grunt-contrib-uglify',
6 verbose install     'grunt-contrib-watch',
6 verbose install     'grunt-filerev',
6 verbose install     'grunt-google-cdn',
6 verbose install     'grunt-karma',
6 verbose install     'grunt-newer',
6 verbose install     'grunt-ng-annotate',
6 verbose install     'grunt-svgmin',
6 verbose install     'grunt-usemin',
6 verbose install     'grunt-wiredep',
6 verbose install     'jasmine-core',
6 verbose install     'jshint-stylish',
6 verbose install     'karma',
6 verbose install     'karma-jasmine',
6 verbose install     'karma-phantomjs-launcher',
6 verbose install     'load-grunt-tasks',
6 verbose install     'time-grunt' ] ]
7 info preinstall firstappangular@0.0.0
8 verbose readDependencies using package.json deps
9 verbose already installed skipping grunt-autoprefixer@^2.0.0 /home/math/Documents/first-app-angular
10 verbose already installed skipping grunt-concurrent@^1.0.0 /home/math/Documents/first-app-angular
11 verbose already installed skipping grunt-contrib-clean@^0.6.0 /home/math/Documents/first-app-angular
12 verbose already installed skipping grunt-contrib-concat@^0.5.0 /home/math/Documents/first-app-angular
13 verbose already installed skipping grunt-contrib-connect@^0.9.0 /home/math/Documents/first-app-angular
14 verbose already installed skipping grunt-contrib-copy@^0.7.0 /home/math/Documents/first-app-angular
15 verbose already installed skipping grunt-contrib-cssmin@^0.12.0 /home/math/Documents/first-app-angular
16 verbose already installed skipping grunt-contrib-htmlmin@^0.4.0 /home/math/Documents/first-app-angular
17 verbose already installed skipping grunt-contrib-imagemin@^0.9.2 /home/math/Documents/first-app-angular
18 verbose already installed skipping grunt-contrib-jshint@^0.11.0 /home/math/Documents/first-app-angular
19 verbose already installed skipping grunt-contrib-uglify@^0.7.0 /home/math/Documents/first-app-angular
20 verbose already installed skipping grunt-contrib-watch@^0.6.1 /home/math/Documents/first-app-angular
21 verbose already installed skipping grunt-filerev@^2.1.2 /home/math/Documents/first-app-angular
22 verbose already installed skipping grunt-google-cdn@^0.4.3 /home/math/Documents/first-app-angular
23 verbose already installed skipping grunt-karma@^0.10.1 /home/math/Documents/first-app-angular
24 verbose already installed skipping grunt-newer@^1.1.0 /home/math/Documents/first-app-angular
25 verbose already installed skipping grunt-ng-annotate@^0.9.2 /home/math/Documents/first-app-angular
26 verbose already installed skipping grunt-svgmin@^2.0.0 /home/math/Documents/first-app-angular
27 verbose already installed skipping grunt-usemin@^3.0.0 /home/math/Documents/first-app-angular
28 verbose already installed skipping grunt-wiredep@^2.0.0 /home/math/Documents/first-app-angular
29 verbose already installed skipping jasmine-core@^2.3.0 /home/math/Documents/first-app-angular
30 verbose already installed skipping jshint-stylish@^1.0.0 /home/math/Documents/first-app-angular
31 verbose already installed skipping karma@^0.12.31 /home/math/Documents/first-app-angular
32 verbose already installed skipping karma-jasmine@^0.3.5 /home/math/Documents/first-app-angular
33 verbose already installed skipping karma-phantomjs-launcher@^0.1.4 /home/math/Documents/first-app-angular
34 verbose already installed skipping load-grunt-tasks@^3.1.0 /home/math/Documents/first-app-angular
35 verbose already installed skipping time-grunt@^1.0.0 /home/math/Documents/first-app-angular
36 verbose already installed skipping bower@^1.4.1 /home/math/Documents/first-app-angular
37 verbose already installed skipping grunt@^0.4.5 /home/math/Documents/first-app-angular
38 silly resolved []
39 info build /home/math/Documents/first-app-angular
40 verbose linkStuff [ false, false, false, '/home/math/Documents' ]
41 info linkStuff firstappangular@0.0.0
42 verbose linkBins firstappangular@0.0.0
43 verbose linkMans firstappangular@0.0.0
44 verbose rebuildBundles firstappangular@0.0.0
45 verbose rebuildBundles [ '.bin',
45 verbose rebuildBundles   'bower',
45 verbose rebuildBundles   'grun',
45 verbose rebuildBundles   'grunt',
45 verbose rebuildBundles   'grunt-autoprefixer',
45 verbose rebuildBundles   'grunt-concurrent',
45 verbose rebuildBundles   'grunt-contrib-clean',
45 verbose rebuildBundles   'grunt-contrib-concat',
45 verbose rebuildBundles   'grunt-contrib-connect',
45 verbose rebuildBundles   'grunt-contrib-copy',
45 verbose rebuildBundles   'grunt-contrib-cssmin',
45 verbose rebuildBundles   'grunt-contrib-htmlmin',
45 verbose rebuildBundles   'grunt-contrib-imagemin',
45 verbose rebuildBundles   'grunt-contrib-jshint',
45 verbose rebuildBundles   'grunt-contrib-uglify',
45 verbose rebuildBundles   'grunt-contrib-watch',
45 verbose rebuildBundles   'grunt-filerev',
45 verbose rebuildBundles   'grunt-google-cdn',
45 verbose rebuildBundles   'grunt-karma',
45 verbose rebuildBundles   'grunt-newer',
45 verbose rebuildBundles   'grunt-ng-annotate',
45 verbose rebuildBundles   'grunt-svgmin',
45 verbose rebuildBundles   'grunt-usemin',
45 verbose rebuildBundles   'grunt-wiredep',
45 verbose rebuildBundles   'jasmine',
45 verbose rebuildBundles   'jasmine-core',
45 verbose rebuildBundles   'jshint-stylish',
45 verbose rebuildBundles   'karma',
45 verbose rebuildBundles   'karma-jasmine',
45 verbose rebuildBundles   'karma-phantomjs-launcher',
45 verbose rebuildBundles   'load-grunt-tasks',
45 verbose rebuildBundles   'time-grunt' ]
46 verbose rebuild bundle /home/math/Documents/first-app-angular/node_modules/grun
47 info build /home/math/Documents/first-app-angular/node_modules/grun
48 info preinstall grun@0.2.0
49 verbose linkStuff [ false,
49 verbose linkStuff   false,
49 verbose linkStuff   false,
49 verbose linkStuff   '/home/math/Documents/first-app-angular/node_modules' ]
50 info linkStuff grun@0.2.0
51 verbose linkBins grun@0.2.0
52 verbose linkMans grun@0.2.0
53 verbose rebuildBundles grun@0.2.0
54 verbose rebuildBundles [ 'grunt', 'micro-pipe', 'named-argv', 'underscore' ]
55 info install grun@0.2.0
56 info postinstall grun@0.2.0
57 verbose rebuild bundle /home/math/Documents/first-app-angular/node_modules/jasmine
58 info build /home/math/Documents/first-app-angular/node_modules/jasmine
59 info preinstall jasmine@2.3.0
60 verbose linkStuff [ false,
60 verbose linkStuff   false,
60 verbose linkStuff   false,
60 verbose linkStuff   '/home/math/Documents/first-app-angular/node_modules' ]
61 info linkStuff jasmine@2.3.0
62 verbose linkBins jasmine@2.3.0
63 verbose link bins [ { jasmine: './bin/jasmine.js' },
63 verbose link bins   '/home/math/Documents/first-app-angular/node_modules/.bin',
63 verbose link bins   false ]
64 verbose linkMans jasmine@2.3.0
65 verbose rebuildBundles jasmine@2.3.0
66 verbose rebuildBundles [ 'exit', 'glob', 'jasmine-core' ]
67 error Error: EACCES, unlink '/home/math/Documents/first-app-angular/node_modules/.bin/jasmine'
67 error  { [Error: EACCES, unlink '/home/math/Documents/first-app-angular/node_modules/.bin/jasmine']
67 error   errno: 3,
67 error   code: 'EACCES',
67 error   path: '/home/math/Documents/first-app-angular/node_modules/.bin/jasmine' }
68 error Please try running this command again as root/Administrator.
69 error System Linux 3.13.0-49-generic
70 error command "/usr/bin/node" "/usr/bin/npm" "install"
71 error cwd /home/math/Documents/first-app-angular
72 error node -v v0.10.37
73 error npm -v 1.4.28
74 error path /home/math/Documents/first-app-angular/node_modules/.bin/jasmine
75 error code EACCES
76 error errno 3
77 error stack Error: EACCES, unlink '/home/math/Documents/first-app-angular/node_modules/.bin/jasmine'
78 verbose exit [ 3, true ]
